CRITICAL - 2023-02-24 04:09:13 --> Undefined variable $title
in APPPATH\Views\programacion\index.php on line 1.
 1 APPPATH\Views\programacion\index.php(1): CodeIgniter\Debug\Exceptions->errorHandler(2, 'Undefined variable $title', 'APPPATH\\Views\\programacion\\index.php', 1)
 2 SYSTEMPATH\View\View.php(213): include('APPPATH\\Views\\programacion\\index.php')
 3 SYSTEMPATH\View\View.php(216): CodeIgniter\View\View->CodeIgniter\View\{closure}()
 4 SYSTEMPATH\Common.php(1184): CodeIgniter\View\View->render('programacion/index', [], true)
 5 APPPATH\Controllers\Programacion.php(22): view('programacion/index')
 6 SYSTEMPATH\CodeIgniter.php(934): App\Controllers\Programacion->index()
 7 SYSTEMPATH\CodeIgniter.php(499): CodeIgniter\CodeIgniter->runController(Object(App\Controllers\Programacion))
 8 SYSTEMPATH\CodeIgniter.php(368): CodeIgniter\CodeIgniter->handleRequest(null, Object(Config\Cache), false)
 9 FCPATH\index.php(67): CodeIgniter\CodeIgniter->run()
CRITICAL - 2023-02-24 04:10:10 --> Undefined variable $title
in APPPATH\Views\programacion\index.php on line 1.
 1 APPPATH\Views\programacion\index.php(1): CodeIgniter\Debug\Exceptions->errorHandler(2, 'Undefined variable $title', 'APPPATH\\Views\\programacion\\index.php', 1)
 2 SYSTEMPATH\View\View.php(213): include('APPPATH\\Views\\programacion\\index.php')
 3 SYSTEMPATH\View\View.php(216): CodeIgniter\View\View->CodeIgniter\View\{closure}()
 4 SYSTEMPATH\Common.php(1184): CodeIgniter\View\View->render('programacion/index', [], true)
 5 APPPATH\Controllers\Programacion.php(23): view('programacion/index')
 6 SYSTEMPATH\CodeIgniter.php(934): App\Controllers\Programacion->index()
 7 SYSTEMPATH\CodeIgniter.php(499): CodeIgniter\CodeIgniter->runController(Object(App\Controllers\Programacion))
 8 SYSTEMPATH\CodeIgniter.php(368): CodeIgniter\CodeIgniter->handleRequest(null, Object(Config\Cache), false)
 9 FCPATH\index.php(67): CodeIgniter\CodeIgniter->run()
CRITICAL - 2023-02-24 04:11:03 --> Undefined variable $title
in APPPATH\Views\programacion\index.php on line 1.
 1 APPPATH\Views\programacion\index.php(1): CodeIgniter\Debug\Exceptions->errorHandler(2, 'Undefined variable $title', 'APPPATH\\Views\\programacion\\index.php', 1)
 2 SYSTEMPATH\View\View.php(213): include('APPPATH\\Views\\programacion\\index.php')
 3 SYSTEMPATH\View\View.php(216): CodeIgniter\View\View->CodeIgniter\View\{closure}()
 4 SYSTEMPATH\Common.php(1184): CodeIgniter\View\View->render('programacion/index', [], true)
 5 APPPATH\Controllers\Programacion.php(23): view('programacion/index')
 6 SYSTEMPATH\CodeIgniter.php(934): App\Controllers\Programacion->index()
 7 SYSTEMPATH\CodeIgniter.php(499): CodeIgniter\CodeIgniter->runController(Object(App\Controllers\Programacion))
 8 SYSTEMPATH\CodeIgniter.php(368): CodeIgniter\CodeIgniter->handleRequest(null, Object(Config\Cache), false)
 9 FCPATH\index.php(67): CodeIgniter\CodeIgniter->run()
CRITICAL - 2023-02-24 04:12:58 --> Undefined variable $title
in APPPATH\Views\programacion\index.php on line 1.
 1 APPPATH\Views\programacion\index.php(1): CodeIgniter\Debug\Exceptions->errorHandler(2, 'Undefined variable $title', 'APPPATH\\Views\\programacion\\index.php', 1)
 2 SYSTEMPATH\View\View.php(213): include('APPPATH\\Views\\programacion\\index.php')
 3 SYSTEMPATH\View\View.php(216): CodeIgniter\View\View->CodeIgniter\View\{closure}()
 4 SYSTEMPATH\Common.php(1184): CodeIgniter\View\View->render('programacion/index', [], true)
 5 APPPATH\Controllers\Programacion.php(20): view('programacion/index')
 6 SYSTEMPATH\CodeIgniter.php(934): App\Controllers\Programacion->index()
 7 SYSTEMPATH\CodeIgniter.php(499): CodeIgniter\CodeIgniter->runController(Object(App\Controllers\Programacion))
 8 SYSTEMPATH\CodeIgniter.php(368): CodeIgniter\CodeIgniter->handleRequest(null, Object(Config\Cache), false)
 9 FCPATH\index.php(67): CodeIgniter\CodeIgniter->run()
CRITICAL - 2023-02-24 04:19:47 --> syntax error, unexpected token ".", expecting ";"
in APPPATH\Controllers\Programacion.php on line 20.
 1 SYSTEMPATH\Autoloader\Autoloader.php(289): CodeIgniter\Autoloader\Autoloader->includeFile('APPPATH\\Controllers\\Programacion.php')
 2 SYSTEMPATH\Autoloader\Autoloader.php(267): CodeIgniter\Autoloader\Autoloader->loadInNamespace('App\\Controllers\\Programacion')
 3 [internal function]: CodeIgniter\Autoloader\Autoloader->loadClass('App\\Controllers\\Programacion')
 4 SYSTEMPATH\CodeIgniter.php(892): class_exists('\\App\\Controllers\\Programacion', true)
 5 SYSTEMPATH\CodeIgniter.php(486): CodeIgniter\CodeIgniter->startController()
 6 SYSTEMPATH\CodeIgniter.php(368): CodeIgniter\CodeIgniter->handleRequest(null, Object(Config\Cache), false)
 7 FCPATH\index.php(67): CodeIgniter\CodeIgniter->run()
CRITICAL - 2023-02-24 04:23:25 --> Undefined variable $title
in APPPATH\Views\programacion\index.php on line 2.
 1 APPPATH\Views\programacion\index.php(2): CodeIgniter\Debug\Exceptions->errorHandler(2, 'Undefined variable $title', 'APPPATH\\Views\\programacion\\index.php', 2)
 2 SYSTEMPATH\View\View.php(213): include('APPPATH\\Views\\programacion\\index.php')
 3 SYSTEMPATH\View\View.php(216): CodeIgniter\View\View->CodeIgniter\View\{closure}()
 4 SYSTEMPATH\Common.php(1184): CodeIgniter\View\View->render('programacion/index', [], true)
 5 APPPATH\Controllers\Programacion.php(23): view('programacion/index')
 6 SYSTEMPATH\CodeIgniter.php(934): App\Controllers\Programacion->index()
 7 SYSTEMPATH\CodeIgniter.php(499): CodeIgniter\CodeIgniter->runController(Object(App\Controllers\Programacion))
 8 SYSTEMPATH\CodeIgniter.php(368): CodeIgniter\CodeIgniter->handleRequest(null, Object(Config\Cache), false)
 9 FCPATH\index.php(67): CodeIgniter\CodeIgniter->run()
CRITICAL - 2023-02-24 04:26:26 --> Undefined variable $title
in APPPATH\Views\news\index.php on line 1.
 1 APPPATH\Views\news\index.php(1): CodeIgniter\Debug\Exceptions->errorHandler(2, 'Undefined variable $title', 'APPPATH\\Views\\news\\index.php', 1)
 2 SYSTEMPATH\View\View.php(213): include('APPPATH\\Views\\news\\index.php')
 3 SYSTEMPATH\View\View.php(216): CodeIgniter\View\View->CodeIgniter\View\{closure}()
 4 SYSTEMPATH\Common.php(1184): CodeIgniter\View\View->render('news/index', [], true)
 5 APPPATH\Controllers\Programacion.php(23): view('news/index')
 6 SYSTEMPATH\CodeIgniter.php(934): App\Controllers\Programacion->index()
 7 SYSTEMPATH\CodeIgniter.php(499): CodeIgniter\CodeIgniter->runController(Object(App\Controllers\Programacion))
 8 SYSTEMPATH\CodeIgniter.php(368): CodeIgniter\CodeIgniter->handleRequest(null, Object(Config\Cache), false)
 9 FCPATH\index.php(67): CodeIgniter\CodeIgniter->run()
CRITICAL - 2023-02-24 04:26:46 --> Undefined variable $title
in APPPATH\Views\news\index.php on line 1.
 1 APPPATH\Views\news\index.php(1): CodeIgniter\Debug\Exceptions->errorHandler(2, 'Undefined variable $title', 'APPPATH\\Views\\news\\index.php', 1)
 2 SYSTEMPATH\View\View.php(213): include('APPPATH\\Views\\news\\index.php')
 3 SYSTEMPATH\View\View.php(216): CodeIgniter\View\View->CodeIgniter\View\{closure}()
 4 SYSTEMPATH\Common.php(1184): CodeIgniter\View\View->render('/news/index', [], true)
 5 APPPATH\Controllers\Programacion.php(23): view('/news/index')
 6 SYSTEMPATH\CodeIgniter.php(934): App\Controllers\Programacion->index()
 7 SYSTEMPATH\CodeIgniter.php(499): CodeIgniter\CodeIgniter->runController(Object(App\Controllers\Programacion))
 8 SYSTEMPATH\CodeIgniter.php(368): CodeIgniter\CodeIgniter->handleRequest(null, Object(Config\Cache), false)
 9 FCPATH\index.php(67): CodeIgniter\CodeIgniter->run()
CRITICAL - 2023-02-24 04:28:06 --> Undefined variable $title
in APPPATH\Views\programacion\index.php on line 2.
 1 APPPATH\Views\programacion\index.php(2): CodeIgniter\Debug\Exceptions->errorHandler(2, 'Undefined variable $title', 'APPPATH\\Views\\programacion\\index.php', 2)
 2 SYSTEMPATH\View\View.php(213): include('APPPATH\\Views\\programacion\\index.php')
 3 SYSTEMPATH\View\View.php(216): CodeIgniter\View\View->CodeIgniter\View\{closure}()
 4 SYSTEMPATH\Common.php(1184): CodeIgniter\View\View->render('programacion/index', [], true)
 5 APPPATH\Controllers\Programacion.php(23): view('programacion/index')
 6 SYSTEMPATH\CodeIgniter.php(934): App\Controllers\Programacion->index()
 7 SYSTEMPATH\CodeIgniter.php(499): CodeIgniter\CodeIgniter->runController(Object(App\Controllers\Programacion))
 8 SYSTEMPATH\CodeIgniter.php(368): CodeIgniter\CodeIgniter->handleRequest(null, Object(Config\Cache), false)
 9 FCPATH\index.php(67): CodeIgniter\CodeIgniter->run()
CRITICAL - 2023-02-24 04:28:56 --> Undefined variable $title
in APPPATH\Views\programacion\index.php on line 2.
 1 APPPATH\Views\programacion\index.php(2): CodeIgniter\Debug\Exceptions->errorHandler(2, 'Undefined variable $title', 'APPPATH\\Views\\programacion\\index.php', 2)
 2 SYSTEMPATH\View\View.php(213): include('APPPATH\\Views\\programacion\\index.php')
 3 SYSTEMPATH\View\View.php(216): CodeIgniter\View\View->CodeIgniter\View\{closure}()
 4 SYSTEMPATH\Common.php(1184): CodeIgniter\View\View->render('programacion/index', [], true)
 5 APPPATH\Controllers\Programacion.php(23): view('programacion/index')
 6 SYSTEMPATH\CodeIgniter.php(934): App\Controllers\Programacion->index()
 7 SYSTEMPATH\CodeIgniter.php(499): CodeIgniter\CodeIgniter->runController(Object(App\Controllers\Programacion))
 8 SYSTEMPATH\CodeIgniter.php(368): CodeIgniter\CodeIgniter->handleRequest(null, Object(Config\Cache), false)
 9 FCPATH\index.php(67): CodeIgniter\CodeIgniter->run()
CRITICAL - 2023-02-24 04:29:22 --> Undefined variable $title
in APPPATH\Views\programacion\index.php on line 2.
 1 APPPATH\Views\programacion\index.php(2): CodeIgniter\Debug\Exceptions->errorHandler(2, 'Undefined variable $title', 'APPPATH\\Views\\programacion\\index.php', 2)
 2 SYSTEMPATH\View\View.php(213): include('APPPATH\\Views\\programacion\\index.php')
 3 SYSTEMPATH\View\View.php(216): CodeIgniter\View\View->CodeIgniter\View\{closure}()
 4 SYSTEMPATH\Common.php(1184): CodeIgniter\View\View->render('programacion/index', [], true)
 5 APPPATH\Controllers\Programacion.php(23): view('programacion/index')
 6 SYSTEMPATH\CodeIgniter.php(934): App\Controllers\Programacion->index()
 7 SYSTEMPATH\CodeIgniter.php(499): CodeIgniter\CodeIgniter->runController(Object(App\Controllers\Programacion))
 8 SYSTEMPATH\CodeIgniter.php(368): CodeIgniter\CodeIgniter->handleRequest(null, Object(Config\Cache), false)
 9 FCPATH\index.php(67): CodeIgniter\CodeIgniter->run()
